#-----------------------------------------------------------
# Webtalk v2018.1 (64-bit)
# SW Build 2188600 on Wed Apr  4 18:40:38 MDT 2018
# 
# Start of session at: Sun Apr 19 15:06:17 2020
# Process ID: 7132
# Current directory: E:/vivadoProj/vTestB/project_1/project_1.sdk/webtalk
# Command line: wbtcv.exe -mode batch -source sdk_webtalk.tcl
# Log file: E:/vivadoProj/vTestB/project_1/project_1.sdk/webtalk/webtalk.log
# Journal file: E:/vivadoProj/vTestB/project_1/project_1.sdk/webtalk\webtalk.jou
#-----------------------------------------------------------
source sdk_webtalk.tcl
# webtalk_init -webtalk_dir E:\\vivadoProj\\vTestB\\project_1\\project_1.sdk\\webtalk
# webtalk_register_client -client project
# webtalk_add_data -client project -key date_generated -value "2020-04-19 15:06:16" -context "software_version_and_target_device"
# webtalk_add_data -client project -key product_version -value "SDK v2018.1" -context "software_version_and_target_device"
# webtalk_add_data -client project -key build_version -value "2018.1" -context "software_version_and_target_device"
# webtalk_add_data -client project -key os_platform -value "amd64" -context "software_version_and_target_device"
# webtalk_add_data -client project -key registration_id -value "" -context "software_version_and_target_device"
# webtalk_add_data -client project -key tool_flow -value "SDK" -context "software_version_and_target_device"
# webtalk_add_data -client project -key beta -value "false" -context "software_version_and_target_device"
# webtalk_add_data -client project -key route_design -value "NA" -context "software_version_and_target_device"
# webtalk_add_data -client project -key target_family -value "NA" -context "software_version_and_target_device"
# webtalk_add_data -client project -key target_device -value "NA" -context "software_version_and_target_device"
# webtalk_add_data -client project -key target_package -value "NA" -context "software_version_and_target_device"
# webtalk_add_data -client project -key target_speed -value "NA" -context "software_version_and_target_device"
# webtalk_add_data -client project -key random_id -value "36anquv1t1b8t6ru69isua5krt" -context "software_version_and_target_device"
# webtalk_add_data -client project -key project_id -value "2018.1_1" -context "software_version_and_target_device"
# webtalk_add_data -client project -key project_iteration -value "1" -context "software_version_and_target_device"
# webtalk_add_data -client project -key os_name -value "Microsoft Windows 7 , 64-bit" -context "user_environment"
# webtalk_add_data -client project -key os_release -value "Service Pack 1  (build 7601)" -context "user_environment"
# webtalk_add_data -client project -key cpu_name -value "Intel(R) Core(TM) i5-3570 CPU @ 3.40GHz" -context "user_environment"
# webtalk_add_data -client project -key cpu_speed -value "3391 MHz" -context "user_environment"
# webtalk_add_data -client project -key total_processors -value "1" -context "user_environment"
# webtalk_add_data -client project -key system_ram -value "17.038 GB" -context "user_environment"
# webtalk_register_client -client sdk
# webtalk_add_data -client sdk -key uid -value "1587277449636" -context "sdk\\\\hardware/1587277449636"
# webtalk_add_data -client sdk -key isZynq -value "true" -context "sdk\\\\hardware/1587277449636"
# webtalk_add_data -client sdk -key isZynqMP -value "false" -context "sdk\\\\hardware/1587277449636"
# webtalk_add_data -client sdk -key Processors -value "2" -context "sdk\\\\hardware/1587277449636"
# webtalk_add_data -client sdk -key VivadoVersion -value "2018.1" -context "sdk\\\\hardware/1587277449636"
# webtalk_add_data -client sdk -key Arch -value "zynq" -context "sdk\\\\hardware/1587277449636"
# webtalk_add_data -client sdk -key Device -value "7z010" -context "sdk\\\\hardware/1587277449636"
# webtalk_add_data -client sdk -key IsHandoff -value "true" -context "sdk\\\\hardware/1587277449636"
# webtalk_add_data -client sdk -key os -value "NA" -context "sdk\\\\hardware/1587277449636"
# webtalk_add_data -client sdk -key apptemplate -value "NA" -context "sdk\\\\hardware/1587277449636"
# webtalk_add_data -client sdk -key RecordType -value "HWCreation" -context "sdk\\\\hardware/1587277449636"
# webtalk_add_data -client sdk -key uid -value "1587277546720" -context "sdk\\\\bsp/1587277546720"
# webtalk_add_data -client sdk -key hwid -value "1587277449636" -context "sdk\\\\bsp/1587277546720"
# webtalk_add_data -client sdk -key os -value "standalone" -context "sdk\\\\bsp/1587277546720"
# webtalk_add_data -client sdk -key apptemplate -value "empty_application" -context "sdk\\\\bsp/1587277546720"
# webtalk_add_data -client sdk -key RecordType -value "BSPCreation" -context "sdk\\\\bsp/1587277546720"
# webtalk_add_data -client sdk -key uid -value "1587277553275" -context "sdk\\\\application/1587277553275"
# webtalk_add_data -client sdk -key hwid -value "1587277449636" -context "sdk\\\\application/1587277553275"
# webtalk_add_data -client sdk -key bspid -value "1587277546720" -context "sdk\\\\application/1587277553275"
# webtalk_add_data -client sdk -key newbsp -value "true" -context "sdk\\\\application/1587277553275"
# webtalk_add_data -client sdk -key os -value "standalone" -context "sdk\\\\application/1587277553275"
# webtalk_add_data -client sdk -key apptemplate -value "empty_application" -context "sdk\\\\application/1587277553275"
# webtalk_add_data -client sdk -key RecordType -value "APPCreation" -context "sdk\\\\application/1587277553275"
# webtalk_add_data -client sdk -key LangUsed -value "C" -context "sdk\\\\application/1587277553275"
# webtalk_add_data -client sdk -key Procused -value "ps7_cortexa9" -context "sdk\\\\application/1587277553275"
# webtalk_add_data -client sdk -key projSize -value "142.26171875" -context "sdk\\\\application/1587277553275"
# webtalk_add_data -client sdk -key uid -value "NA" -context "sdk\\\\bsp/1587279976054"
# webtalk_add_data -client sdk -key RecordType -value "ToolUsage" -context "sdk\\\\bsp/1587279976054"
# webtalk_add_data -client sdk -key BootgenCount -value "0" -context "sdk\\\\bsp/1587279976054"
# webtalk_add_data -client sdk -key DebugCount -value "13" -context "sdk\\\\bsp/1587279976054"
# webtalk_add_data -client sdk -key PerfCount -value "0" -context "sdk\\\\bsp/1587279976054"
# webtalk_add_data -client sdk -key FlashCount -value "0" -context "sdk\\\\bsp/1587279976054"
# webtalk_add_data -client sdk -key CrossTriggCount -value "0" -context "sdk\\\\bsp/1587279976054"
# webtalk_add_data -client sdk -key QemuDebugCount -value "0" -context "sdk\\\\bsp/1587279976054"
# webtalk_transmit -clientid 3985164195 -regid "" -xml E:\\vivadoProj\\vTestB\\project_1\\project_1.sdk\\webtalk\\usage_statistics_ext_sdk.xml -html E:\\vivadoProj\\vTestB\\project_1\\project_1.sdk\\webtalk\\usage_statistics_ext_sdk.html -wdm E:\\vivadoProj\\vTestB\\project_1\\project_1.sdk\\webtalk\\sdk_webtalk.wdm -intro "<H3>SDK Usage Report</H3><BR>"
webtalk_transmit: Time (s): cpu = 00:00:00 ; elapsed = 00:00:09 . Memory (MB): peak = 54.480 ; gain = 0.203
# webtalk_terminate
INFO: [Common 17-206] Exiting Webtalk at Sun Apr 19 15:06:29 2020...
