14:23:41 INFO  : Registering command handlers for SDK TCF services
14:23:43 INFO  : Launching XSCT server: xsct.bat -interactive E:\vivadoProj\vTestB\project_1\project_1.sdk\temp_xsdb_launch_script.tcl
14:23:49 INFO  : XSCT server has started successfully.
14:23:49 INFO  : Successfully done setting XSCT server connection channel  
14:23:58 INFO  : Successfully done setting SDK workspace  
14:23:59 INFO  : Processing command line option -hwspec E:/vivadoProj/vTestB/project_1/project_1.sdk/design_1_wrapper.hdf.
14:34:42 INFO  : 'targets -set -filter {jtag_cable_name =~ "Digilent JTAG-HS1 210512180081" && level==0} -index 1' command is executed.
14:34:42 INFO  : 'fpga -state' command is executed.
14:34:54 INFO  : Connected to target on host '127.0.0.1' and port '3121'.
14:34:54 INFO  : Jtag cable 'Digilent JTAG-HS1 210512180081' is selected.
14:34:54 INFO  : 'jtag frequency' command is executed.
14:34:54 INFO  : Sourcing of 'E:/vivadoProj/vTestB/project_1/project_1.sdk/design_1_wrapper_hw_platform_0/ps7_init.tcl' is done.
14:34:55 INFO  : Context for 'APU' is selected.
14:34:55 INFO  : Hardware design information is loaded from 'E:/vivadoProj/vTestB/project_1/project_1.sdk/design_1_wrapper_hw_platform_0/system.hdf'.
14:34:55 INFO  : 'configparams force-mem-access 1' command is executed.
14:34:55 INFO  : Context for 'APU' is selected.
14:34:55 INFO  : 'stop' command is executed.
14:34:55 ERROR : Memory write error at 0xF8000118. Invalid DAP IDCODE. Cannot access DAP: invalid ACK value: 0
14:34:55 INFO  : ----------------XSDB Script----------------
connect -url tcp:127.0.0.1:3121
source E:/vivadoProj/vTestB/project_1/project_1.sdk/design_1_wrapper_hw_platform_0/ps7_init.tcl
targets -set -nocase -filter {name =~"APU*" && jtag_cable_name =~ "Digilent JTAG-HS1 210512180081"} -index 0
loadhw -hw E:/vivadoProj/vTestB/project_1/project_1.sdk/design_1_wrapper_hw_platform_0/system.hdf -mem-ranges [list {0x40000000 0xbfffffff}]
configparams force-mem-access 1
targets -set -nocase -filter {name =~"APU*" && jtag_cable_name =~ "Digilent JTAG-HS1 210512180081"} -index 0
stop
ps7_init
----------------End of Script----------------

14:35:42 INFO  : 'targets -set -filter {jtag_cable_name =~ "Digilent JTAG-HS1 210512180081" && level==0} -index 1' command is executed.
14:35:42 INFO  : 'fpga -state' command is executed.
14:35:45 INFO  : Connected to target on host '127.0.0.1' and port '3121'.
14:35:45 INFO  : Jtag cable 'Digilent JTAG-HS1 210512180081' is selected.
14:35:45 INFO  : 'jtag frequency' command is executed.
14:35:45 INFO  : Sourcing of 'E:/vivadoProj/vTestB/project_1/project_1.sdk/design_1_wrapper_hw_platform_0/ps7_init.tcl' is done.
14:35:45 INFO  : Context for 'APU' is selected.
14:35:45 INFO  : Hardware design information is loaded from 'E:/vivadoProj/vTestB/project_1/project_1.sdk/design_1_wrapper_hw_platform_0/system.hdf'.
14:35:45 INFO  : 'configparams force-mem-access 1' command is executed.
14:35:45 INFO  : Context for 'APU' is selected.
14:35:45 INFO  : 'stop' command is executed.
14:35:45 ERROR : Memory read error at 0xF8000104. Invalid DAP IDCODE. Invalid DAP ACK value: 0
14:35:45 INFO  : ----------------XSDB Script----------------
connect -url tcp:127.0.0.1:3121
source E:/vivadoProj/vTestB/project_1/project_1.sdk/design_1_wrapper_hw_platform_0/ps7_init.tcl
targets -set -nocase -filter {name =~"APU*" && jtag_cable_name =~ "Digilent JTAG-HS1 210512180081"} -index 0
loadhw -hw E:/vivadoProj/vTestB/project_1/project_1.sdk/design_1_wrapper_hw_platform_0/system.hdf -mem-ranges [list {0x40000000 0xbfffffff}]
configparams force-mem-access 1
targets -set -nocase -filter {name =~"APU*" && jtag_cable_name =~ "Digilent JTAG-HS1 210512180081"} -index 0
stop
ps7_init
----------------End of Script----------------

14:41:35 INFO  : 'targets -set -filter {jtag_cable_name =~ "Digilent JTAG-HS1 210512180081" && level==0} -index 1' command is executed.
14:41:35 INFO  : 'fpga -state' command is executed.
14:41:35 INFO  : Connected to target on host '127.0.0.1' and port '3121'.
14:41:35 INFO  : Jtag cable 'Digilent JTAG-HS1 210512180081' is selected.
14:41:35 INFO  : 'jtag frequency' command is executed.
14:41:35 INFO  : Sourcing of 'E:/vivadoProj/vTestB/project_1/project_1.sdk/design_1_wrapper_hw_platform_0/ps7_init.tcl' is done.
14:41:35 INFO  : Context for 'APU' is selected.
14:41:35 INFO  : Hardware design information is loaded from 'E:/vivadoProj/vTestB/project_1/project_1.sdk/design_1_wrapper_hw_platform_0/system.hdf'.
14:41:35 INFO  : 'configparams force-mem-access 1' command is executed.
14:41:35 INFO  : Context for 'APU' is selected.
14:41:35 INFO  : 'stop' command is executed.
14:41:35 INFO  : 'ps7_init' command is executed.
14:41:35 INFO  : 'ps7_post_config' command is executed.
14:41:36 INFO  : Context for processor 'ps7_cortexa9_0' is selected.
14:41:36 INFO  : Processor reset is completed for 'ps7_cortexa9_0'.
14:41:36 INFO  : Context for processor 'ps7_cortexa9_0' is selected.
14:41:36 INFO  : The application 'E:/vivadoProj/vTestB/project_1/project_1.sdk/aaaw/Debug/aaaw.elf' is downloaded to processor 'ps7_cortexa9_0'.
14:41:36 INFO  : 'configparams force-mem-access 0' command is executed.
14:41:36 INFO  : ----------------XSDB Script----------------
connect -url tcp:127.0.0.1:3121
source E:/vivadoProj/vTestB/project_1/project_1.sdk/design_1_wrapper_hw_platform_0/ps7_init.tcl
targets -set -nocase -filter {name =~"APU*" && jtag_cable_name =~ "Digilent JTAG-HS1 210512180081"} -index 0
loadhw -hw E:/vivadoProj/vTestB/project_1/project_1.sdk/design_1_wrapper_hw_platform_0/system.hdf -mem-ranges [list {0x40000000 0xbfffffff}]
configparams force-mem-access 1
targets -set -nocase -filter {name =~"APU*" && jtag_cable_name =~ "Digilent JTAG-HS1 210512180081"} -index 0
stop
ps7_init
ps7_post_config
targets -set -nocase -filter {name =~ "ARM*#0" && jtag_cable_name =~ "Digilent JTAG-HS1 210512180081"} -index 0
rst -processor
targets -set -nocase -filter {name =~ "ARM*#0" && jtag_cable_name =~ "Digilent JTAG-HS1 210512180081"} -index 0
dow E:/vivadoProj/vTestB/project_1/project_1.sdk/aaaw/Debug/aaaw.elf
configparams force-mem-access 0
----------------End of Script----------------

14:41:36 INFO  : Memory regions updated for context APU
14:41:36 INFO  : Context for processor 'ps7_cortexa9_0' is selected.
14:41:36 INFO  : 'con' command is executed.
14:41:36 INFO  : ----------------XSDB Script (After Launch)----------------
targets -set -nocase -filter {name =~ "ARM*#0" && jtag_cable_name =~ "Digilent JTAG-HS1 210512180081"} -index 0
con
----------------End of Script----------------

14:41:36 INFO  : Launch script is exported to file 'E:\vivadoProj\vTestB\project_1\project_1.sdk\.sdk\launch_scripts\xilinx_c-c++_application_(system_debugger)\system_debugger_using_debug_aaaw.elf_on_local.tcl'
14:42:38 INFO  : Disconnected from the channel tcfchan#1.
14:42:39 INFO  : 'targets -set -filter {jtag_cable_name =~ "Digilent JTAG-HS1 210512180081" && level==0} -index 1' command is executed.
14:42:39 INFO  : 'fpga -state' command is executed.
14:42:46 INFO  : Memory regions updated for context APU
14:43:03 INFO  : 'targets -set -filter {jtag_cable_name =~ "Digilent JTAG-HS1 210512180081" && level==0} -index 1' command is executed.
14:43:03 INFO  : 'fpga -state' command is executed.
14:43:05 INFO  : Connected to target on host '127.0.0.1' and port '3121'.
14:43:05 INFO  : Jtag cable 'Digilent JTAG-HS1 210512180081' is selected.
14:43:05 INFO  : 'jtag frequency' command is executed.
14:43:05 INFO  : Sourcing of 'E:/vivadoProj/vTestB/project_1/project_1.sdk/design_1_wrapper_hw_platform_0/ps7_init.tcl' is done.
14:43:05 INFO  : Context for 'APU' is selected.
14:43:05 INFO  : Hardware design information is loaded from 'E:/vivadoProj/vTestB/project_1/project_1.sdk/design_1_wrapper_hw_platform_0/system.hdf'.
14:43:05 INFO  : 'configparams force-mem-access 1' command is executed.
14:43:05 INFO  : Context for 'APU' is selected.
14:43:05 INFO  : 'stop' command is executed.
14:43:05 INFO  : 'ps7_init' command is executed.
14:43:05 INFO  : 'ps7_post_config' command is executed.
14:43:05 INFO  : Context for processor 'ps7_cortexa9_0' is selected.
14:43:05 INFO  : Processor reset is completed for 'ps7_cortexa9_0'.
14:43:05 INFO  : Context for processor 'ps7_cortexa9_0' is selected.
14:43:05 INFO  : The application 'E:/vivadoProj/vTestB/project_1/project_1.sdk/aaaw/Debug/aaaw.elf' is downloaded to processor 'ps7_cortexa9_0'.
14:43:05 INFO  : 'configparams force-mem-access 0' command is executed.
14:43:05 INFO  : ----------------XSDB Script----------------
connect -url tcp:127.0.0.1:3121
source E:/vivadoProj/vTestB/project_1/project_1.sdk/design_1_wrapper_hw_platform_0/ps7_init.tcl
targets -set -nocase -filter {name =~"APU*" && jtag_cable_name =~ "Digilent JTAG-HS1 210512180081"} -index 0
loadhw -hw E:/vivadoProj/vTestB/project_1/project_1.sdk/design_1_wrapper_hw_platform_0/system.hdf -mem-ranges [list {0x40000000 0xbfffffff}]
configparams force-mem-access 1
targets -set -nocase -filter {name =~"APU*" && jtag_cable_name =~ "Digilent JTAG-HS1 210512180081"} -index 0
stop
ps7_init
ps7_post_config
targets -set -nocase -filter {name =~ "ARM*#0" && jtag_cable_name =~ "Digilent JTAG-HS1 210512180081"} -index 0
rst -processor
targets -set -nocase -filter {name =~ "ARM*#0" && jtag_cable_name =~ "Digilent JTAG-HS1 210512180081"} -index 0
dow E:/vivadoProj/vTestB/project_1/project_1.sdk/aaaw/Debug/aaaw.elf
configparams force-mem-access 0
----------------End of Script----------------

14:43:05 INFO  : Memory regions updated for context APU
14:43:05 INFO  : Context for processor 'ps7_cortexa9_0' is selected.
14:43:05 INFO  : 'con' command is executed.
14:43:05 INFO  : ----------------XSDB Script (After Launch)----------------
targets -set -nocase -filter {name =~ "ARM*#0" && jtag_cable_name =~ "Digilent JTAG-HS1 210512180081"} -index 0
con
----------------End of Script----------------

14:43:05 INFO  : Launch script is exported to file 'E:\vivadoProj\vTestB\project_1\project_1.sdk\.sdk\launch_scripts\xilinx_c-c++_application_(system_debugger)\system_debugger_using_debug_aaaw.elf_on_local.tcl'
14:43:34 INFO  : Disconnected from the channel tcfchan#2.
14:43:35 INFO  : 'targets -set -filter {jtag_cable_name =~ "Digilent JTAG-HS1 210512180081" && level==0} -index 1' command is executed.
14:43:35 INFO  : 'fpga -state' command is executed.
14:43:38 INFO  : Connected to target on host '127.0.0.1' and port '3121'.
14:43:38 INFO  : Jtag cable 'Digilent JTAG-HS1 210512180081' is selected.
14:43:38 INFO  : 'jtag frequency' command is executed.
14:43:38 INFO  : Sourcing of 'E:/vivadoProj/vTestB/project_1/project_1.sdk/design_1_wrapper_hw_platform_0/ps7_init.tcl' is done.
14:43:38 INFO  : Context for 'APU' is selected.
14:43:40 INFO  : Hardware design information is loaded from 'E:/vivadoProj/vTestB/project_1/project_1.sdk/design_1_wrapper_hw_platform_0/system.hdf'.
14:43:40 INFO  : 'configparams force-mem-access 1' command is executed.
14:43:40 INFO  : Context for 'APU' is selected.
14:43:40 INFO  : 'stop' command is executed.
14:43:40 INFO  : 'ps7_init' command is executed.
14:43:40 INFO  : 'ps7_post_config' command is executed.
14:43:40 INFO  : Context for processor 'ps7_cortexa9_0' is selected.
14:43:40 INFO  : Processor reset is completed for 'ps7_cortexa9_0'.
14:43:40 INFO  : Context for processor 'ps7_cortexa9_0' is selected.
14:43:40 INFO  : The application 'E:/vivadoProj/vTestB/project_1/project_1.sdk/aaaw/Debug/aaaw.elf' is downloaded to processor 'ps7_cortexa9_0'.
14:43:40 INFO  : 'configparams force-mem-access 0' command is executed.
14:43:40 INFO  : ----------------XSDB Script----------------
connect -url tcp:127.0.0.1:3121
source E:/vivadoProj/vTestB/project_1/project_1.sdk/design_1_wrapper_hw_platform_0/ps7_init.tcl
targets -set -nocase -filter {name =~"APU*" && jtag_cable_name =~ "Digilent JTAG-HS1 210512180081"} -index 0
loadhw -hw E:/vivadoProj/vTestB/project_1/project_1.sdk/design_1_wrapper_hw_platform_0/system.hdf -mem-ranges [list {0x40000000 0xbfffffff}]
configparams force-mem-access 1
targets -set -nocase -filter {name =~"APU*" && jtag_cable_name =~ "Digilent JTAG-HS1 210512180081"} -index 0
stop
ps7_init
ps7_post_config
targets -set -nocase -filter {name =~ "ARM*#0" && jtag_cable_name =~ "Digilent JTAG-HS1 210512180081"} -index 0
rst -processor
targets -set -nocase -filter {name =~ "ARM*#0" && jtag_cable_name =~ "Digilent JTAG-HS1 210512180081"} -index 0
dow E:/vivadoProj/vTestB/project_1/project_1.sdk/aaaw/Debug/aaaw.elf
configparams force-mem-access 0
----------------End of Script----------------

14:43:40 INFO  : Memory regions updated for context APU
14:43:40 INFO  : Context for processor 'ps7_cortexa9_0' is selected.
14:43:40 INFO  : 'con' command is executed.
14:43:40 INFO  : ----------------XSDB Script (After Launch)----------------
targets -set -nocase -filter {name =~ "ARM*#0" && jtag_cable_name =~ "Digilent JTAG-HS1 210512180081"} -index 0
con
----------------End of Script----------------

14:43:40 INFO  : Launch script is exported to file 'E:\vivadoProj\vTestB\project_1\project_1.sdk\.sdk\launch_scripts\xilinx_c-c++_application_(system_debugger)\system_debugger_using_debug_aaaw.elf_on_local.tcl'
14:45:50 INFO  : Disconnected from the channel tcfchan#3.
14:45:51 INFO  : 'targets -set -filter {jtag_cable_name =~ "Digilent JTAG-HS1 210512180081" && level==0} -index 1' command is executed.
14:45:51 INFO  : 'fpga -state' command is executed.
14:45:51 INFO  : Connected to target on host '127.0.0.1' and port '3121'.
14:45:51 INFO  : Jtag cable 'Digilent JTAG-HS1 210512180081' is selected.
14:45:51 INFO  : 'jtag frequency' command is executed.
14:45:51 INFO  : Sourcing of 'E:/vivadoProj/vTestB/project_1/project_1.sdk/design_1_wrapper_hw_platform_0/ps7_init.tcl' is done.
14:45:51 INFO  : Context for 'APU' is selected.
14:45:53 INFO  : Hardware design information is loaded from 'E:/vivadoProj/vTestB/project_1/project_1.sdk/design_1_wrapper_hw_platform_0/system.hdf'.
14:45:53 INFO  : 'configparams force-mem-access 1' command is executed.
14:45:53 INFO  : Context for 'APU' is selected.
14:45:53 INFO  : 'stop' command is executed.
14:45:53 INFO  : 'ps7_init' command is executed.
14:45:53 INFO  : 'ps7_post_config' command is executed.
14:45:53 INFO  : Context for processor 'ps7_cortexa9_0' is selected.
14:45:53 INFO  : Processor reset is completed for 'ps7_cortexa9_0'.
14:45:53 INFO  : Context for processor 'ps7_cortexa9_0' is selected.
14:45:54 INFO  : The application 'E:/vivadoProj/vTestB/project_1/project_1.sdk/aaaw/Debug/aaaw.elf' is downloaded to processor 'ps7_cortexa9_0'.
14:45:54 INFO  : 'configparams force-mem-access 0' command is executed.
14:45:54 INFO  : ----------------XSDB Script----------------
connect -url tcp:127.0.0.1:3121
source E:/vivadoProj/vTestB/project_1/project_1.sdk/design_1_wrapper_hw_platform_0/ps7_init.tcl
targets -set -nocase -filter {name =~"APU*" && jtag_cable_name =~ "Digilent JTAG-HS1 210512180081"} -index 0
loadhw -hw E:/vivadoProj/vTestB/project_1/project_1.sdk/design_1_wrapper_hw_platform_0/system.hdf -mem-ranges [list {0x40000000 0xbfffffff}]
configparams force-mem-access 1
targets -set -nocase -filter {name =~"APU*" && jtag_cable_name =~ "Digilent JTAG-HS1 210512180081"} -index 0
stop
ps7_init
ps7_post_config
targets -set -nocase -filter {name =~ "ARM*#0" && jtag_cable_name =~ "Digilent JTAG-HS1 210512180081"} -index 0
rst -processor
targets -set -nocase -filter {name =~ "ARM*#0" && jtag_cable_name =~ "Digilent JTAG-HS1 210512180081"} -index 0
dow E:/vivadoProj/vTestB/project_1/project_1.sdk/aaaw/Debug/aaaw.elf
configparams force-mem-access 0
----------------End of Script----------------

14:45:54 INFO  : Memory regions updated for context APU
14:45:54 INFO  : Context for processor 'ps7_cortexa9_0' is selected.
14:45:54 INFO  : 'con' command is executed.
14:45:54 INFO  : ----------------XSDB Script (After Launch)----------------
targets -set -nocase -filter {name =~ "ARM*#0" && jtag_cable_name =~ "Digilent JTAG-HS1 210512180081"} -index 0
con
----------------End of Script----------------

14:45:54 INFO  : Launch script is exported to file 'E:\vivadoProj\vTestB\project_1\project_1.sdk\.sdk\launch_scripts\xilinx_c-c++_application_(system_debugger)\system_debugger_using_debug_aaaw.elf_on_local.tcl'
14:47:26 INFO  : Disconnected from the channel tcfchan#4.
14:47:27 INFO  : 'targets -set -filter {jtag_cable_name =~ "Digilent JTAG-HS1 210512180081" && level==0} -index 1' command is executed.
14:47:27 INFO  : 'fpga -state' command is executed.
14:47:27 INFO  : Connected to target on host '127.0.0.1' and port '3121'.
14:47:27 INFO  : Jtag cable 'Digilent JTAG-HS1 210512180081' is selected.
14:47:27 INFO  : 'jtag frequency' command is executed.
14:47:27 INFO  : Sourcing of 'E:/vivadoProj/vTestB/project_1/project_1.sdk/design_1_wrapper_hw_platform_0/ps7_init.tcl' is done.
14:47:27 INFO  : Context for 'APU' is selected.
14:47:29 INFO  : Hardware design information is loaded from 'E:/vivadoProj/vTestB/project_1/project_1.sdk/design_1_wrapper_hw_platform_0/system.hdf'.
14:47:29 INFO  : 'configparams force-mem-access 1' command is executed.
14:47:29 INFO  : Context for 'APU' is selected.
14:47:29 INFO  : 'stop' command is executed.
14:47:29 INFO  : 'ps7_init' command is executed.
14:47:29 INFO  : 'ps7_post_config' command is executed.
14:47:29 INFO  : Context for processor 'ps7_cortexa9_0' is selected.
14:47:29 INFO  : Processor reset is completed for 'ps7_cortexa9_0'.
14:47:29 INFO  : Context for processor 'ps7_cortexa9_0' is selected.
14:47:29 INFO  : The application 'E:/vivadoProj/vTestB/project_1/project_1.sdk/aaaw/Debug/aaaw.elf' is downloaded to processor 'ps7_cortexa9_0'.
14:47:29 INFO  : 'configparams force-mem-access 0' command is executed.
14:47:29 INFO  : ----------------XSDB Script----------------
connect -url tcp:127.0.0.1:3121
source E:/vivadoProj/vTestB/project_1/project_1.sdk/design_1_wrapper_hw_platform_0/ps7_init.tcl
targets -set -nocase -filter {name =~"APU*" && jtag_cable_name =~ "Digilent JTAG-HS1 210512180081"} -index 0
loadhw -hw E:/vivadoProj/vTestB/project_1/project_1.sdk/design_1_wrapper_hw_platform_0/system.hdf -mem-ranges [list {0x40000000 0xbfffffff}]
configparams force-mem-access 1
targets -set -nocase -filter {name =~"APU*" && jtag_cable_name =~ "Digilent JTAG-HS1 210512180081"} -index 0
stop
ps7_init
ps7_post_config
targets -set -nocase -filter {name =~ "ARM*#0" && jtag_cable_name =~ "Digilent JTAG-HS1 210512180081"} -index 0
rst -processor
targets -set -nocase -filter {name =~ "ARM*#0" && jtag_cable_name =~ "Digilent JTAG-HS1 210512180081"} -index 0
dow E:/vivadoProj/vTestB/project_1/project_1.sdk/aaaw/Debug/aaaw.elf
configparams force-mem-access 0
----------------End of Script----------------

14:47:29 INFO  : Memory regions updated for context APU
14:47:29 INFO  : Context for processor 'ps7_cortexa9_0' is selected.
14:47:29 INFO  : 'con' command is executed.
14:47:29 INFO  : ----------------XSDB Script (After Launch)----------------
targets -set -nocase -filter {name =~ "ARM*#0" && jtag_cable_name =~ "Digilent JTAG-HS1 210512180081"} -index 0
con
----------------End of Script----------------

14:47:29 INFO  : Launch script is exported to file 'E:\vivadoProj\vTestB\project_1\project_1.sdk\.sdk\launch_scripts\xilinx_c-c++_application_(system_debugger)\system_debugger_using_debug_aaaw.elf_on_local.tcl'
14:48:34 INFO  : Disconnected from the channel tcfchan#5.
14:48:35 INFO  : 'targets -set -filter {jtag_cable_name =~ "Digilent JTAG-HS1 210512180081" && level==0} -index 1' command is executed.
14:48:35 INFO  : 'fpga -state' command is executed.
14:48:35 INFO  : Connected to target on host '127.0.0.1' and port '3121'.
14:48:35 INFO  : Jtag cable 'Digilent JTAG-HS1 210512180081' is selected.
14:48:35 INFO  : 'jtag frequency' command is executed.
14:48:35 INFO  : Sourcing of 'E:/vivadoProj/vTestB/project_1/project_1.sdk/design_1_wrapper_hw_platform_0/ps7_init.tcl' is done.
14:48:35 INFO  : Context for 'APU' is selected.
14:48:37 INFO  : Hardware design information is loaded from 'E:/vivadoProj/vTestB/project_1/project_1.sdk/design_1_wrapper_hw_platform_0/system.hdf'.
14:48:37 INFO  : 'configparams force-mem-access 1' command is executed.
14:48:37 INFO  : Context for 'APU' is selected.
14:48:37 INFO  : 'stop' command is executed.
14:48:37 INFO  : 'ps7_init' command is executed.
14:48:37 INFO  : 'ps7_post_config' command is executed.
14:48:37 INFO  : Context for processor 'ps7_cortexa9_0' is selected.
14:48:37 INFO  : Processor reset is completed for 'ps7_cortexa9_0'.
14:48:37 INFO  : Context for processor 'ps7_cortexa9_0' is selected.
14:48:37 INFO  : The application 'E:/vivadoProj/vTestB/project_1/project_1.sdk/aaaw/Debug/aaaw.elf' is downloaded to processor 'ps7_cortexa9_0'.
14:48:37 INFO  : 'configparams force-mem-access 0' command is executed.
14:48:37 INFO  : ----------------XSDB Script----------------
connect -url tcp:127.0.0.1:3121
source E:/vivadoProj/vTestB/project_1/project_1.sdk/design_1_wrapper_hw_platform_0/ps7_init.tcl
targets -set -nocase -filter {name =~"APU*" && jtag_cable_name =~ "Digilent JTAG-HS1 210512180081"} -index 0
loadhw -hw E:/vivadoProj/vTestB/project_1/project_1.sdk/design_1_wrapper_hw_platform_0/system.hdf -mem-ranges [list {0x40000000 0xbfffffff}]
configparams force-mem-access 1
targets -set -nocase -filter {name =~"APU*" && jtag_cable_name =~ "Digilent JTAG-HS1 210512180081"} -index 0
stop
ps7_init
ps7_post_config
targets -set -nocase -filter {name =~ "ARM*#0" && jtag_cable_name =~ "Digilent JTAG-HS1 210512180081"} -index 0
rst -processor
targets -set -nocase -filter {name =~ "ARM*#0" && jtag_cable_name =~ "Digilent JTAG-HS1 210512180081"} -index 0
dow E:/vivadoProj/vTestB/project_1/project_1.sdk/aaaw/Debug/aaaw.elf
configparams force-mem-access 0
----------------End of Script----------------

14:48:37 INFO  : Memory regions updated for context APU
14:48:37 INFO  : Context for processor 'ps7_cortexa9_0' is selected.
14:48:37 INFO  : 'con' command is executed.
14:48:37 INFO  : ----------------XSDB Script (After Launch)----------------
targets -set -nocase -filter {name =~ "ARM*#0" && jtag_cable_name =~ "Digilent JTAG-HS1 210512180081"} -index 0
con
----------------End of Script----------------

14:48:37 INFO  : Launch script is exported to file 'E:\vivadoProj\vTestB\project_1\project_1.sdk\.sdk\launch_scripts\xilinx_c-c++_application_(system_debugger)\system_debugger_using_debug_aaaw.elf_on_local.tcl'
14:57:34 INFO  : Disconnected from the channel tcfchan#6.
14:57:35 INFO  : 'targets -set -filter {jtag_cable_name =~ "Digilent JTAG-HS1 210512180081" && level==0} -index 1' command is executed.
14:57:35 INFO  : 'fpga -state' command is executed.
14:57:35 INFO  : Connected to target on host '127.0.0.1' and port '3121'.
14:57:35 INFO  : Jtag cable 'Digilent JTAG-HS1 210512180081' is selected.
14:57:35 INFO  : 'jtag frequency' command is executed.
14:57:35 INFO  : Sourcing of 'E:/vivadoProj/vTestB/project_1/project_1.sdk/design_1_wrapper_hw_platform_0/ps7_init.tcl' is done.
14:57:36 INFO  : Context for 'APU' is selected.
14:57:37 INFO  : Hardware design information is loaded from 'E:/vivadoProj/vTestB/project_1/project_1.sdk/design_1_wrapper_hw_platform_0/system.hdf'.
14:57:37 INFO  : 'configparams force-mem-access 1' command is executed.
14:57:37 INFO  : Context for 'APU' is selected.
14:57:37 INFO  : 'stop' command is executed.
14:57:38 INFO  : 'ps7_init' command is executed.
14:57:38 INFO  : 'ps7_post_config' command is executed.
14:57:38 INFO  : Context for processor 'ps7_cortexa9_0' is selected.
14:57:38 INFO  : Processor reset is completed for 'ps7_cortexa9_0'.
14:57:38 INFO  : Context for processor 'ps7_cortexa9_0' is selected.
14:57:38 INFO  : The application 'E:/vivadoProj/vTestB/project_1/project_1.sdk/aaaw/Debug/aaaw.elf' is downloaded to processor 'ps7_cortexa9_0'.
14:57:38 INFO  : 'configparams force-mem-access 0' command is executed.
14:57:38 INFO  : ----------------XSDB Script----------------
connect -url tcp:127.0.0.1:3121
source E:/vivadoProj/vTestB/project_1/project_1.sdk/design_1_wrapper_hw_platform_0/ps7_init.tcl
targets -set -nocase -filter {name =~"APU*" && jtag_cable_name =~ "Digilent JTAG-HS1 210512180081"} -index 0
loadhw -hw E:/vivadoProj/vTestB/project_1/project_1.sdk/design_1_wrapper_hw_platform_0/system.hdf -mem-ranges [list {0x40000000 0xbfffffff}]
configparams force-mem-access 1
targets -set -nocase -filter {name =~"APU*" && jtag_cable_name =~ "Digilent JTAG-HS1 210512180081"} -index 0
stop
ps7_init
ps7_post_config
targets -set -nocase -filter {name =~ "ARM*#0" && jtag_cable_name =~ "Digilent JTAG-HS1 210512180081"} -index 0
rst -processor
targets -set -nocase -filter {name =~ "ARM*#0" && jtag_cable_name =~ "Digilent JTAG-HS1 210512180081"} -index 0
dow E:/vivadoProj/vTestB/project_1/project_1.sdk/aaaw/Debug/aaaw.elf
configparams force-mem-access 0
----------------End of Script----------------

14:57:38 INFO  : Memory regions updated for context APU
14:57:38 INFO  : Context for processor 'ps7_cortexa9_0' is selected.
14:57:38 INFO  : 'con' command is executed.
14:57:38 INFO  : ----------------XSDB Script (After Launch)----------------
targets -set -nocase -filter {name =~ "ARM*#0" && jtag_cable_name =~ "Digilent JTAG-HS1 210512180081"} -index 0
con
----------------End of Script----------------

14:57:38 INFO  : Launch script is exported to file 'E:\vivadoProj\vTestB\project_1\project_1.sdk\.sdk\launch_scripts\xilinx_c-c++_application_(system_debugger)\system_debugger_using_debug_aaaw.elf_on_local.tcl'
14:58:52 INFO  : Disconnected from the channel tcfchan#7.
14:58:53 INFO  : 'targets -set -filter {jtag_cable_name =~ "Digilent JTAG-HS1 210512180081" && level==0} -index 1' command is executed.
14:58:53 INFO  : 'fpga -state' command is executed.
14:58:53 INFO  : Connected to target on host '127.0.0.1' and port '3121'.
14:58:53 INFO  : Jtag cable 'Digilent JTAG-HS1 210512180081' is selected.
14:58:53 INFO  : 'jtag frequency' command is executed.
14:58:53 INFO  : Sourcing of 'E:/vivadoProj/vTestB/project_1/project_1.sdk/design_1_wrapper_hw_platform_0/ps7_init.tcl' is done.
14:58:53 INFO  : Context for 'APU' is selected.
14:58:55 INFO  : Hardware design information is loaded from 'E:/vivadoProj/vTestB/project_1/project_1.sdk/design_1_wrapper_hw_platform_0/system.hdf'.
14:58:55 INFO  : 'configparams force-mem-access 1' command is executed.
14:58:55 INFO  : Context for 'APU' is selected.
14:58:55 INFO  : 'stop' command is executed.
14:58:55 ERROR : Invalid DAP IDCODE. Invalid DAP ACK value: 0
14:58:55 INFO  : ----------------XSDB Script----------------
connect -url tcp:127.0.0.1:3121
source E:/vivadoProj/vTestB/project_1/project_1.sdk/design_1_wrapper_hw_platform_0/ps7_init.tcl
targets -set -nocase -filter {name =~"APU*" && jtag_cable_name =~ "Digilent JTAG-HS1 210512180081"} -index 0
loadhw -hw E:/vivadoProj/vTestB/project_1/project_1.sdk/design_1_wrapper_hw_platform_0/system.hdf -mem-ranges [list {0x40000000 0xbfffffff}]
configparams force-mem-access 1
targets -set -nocase -filter {name =~"APU*" && jtag_cable_name =~ "Digilent JTAG-HS1 210512180081"} -index 0
stop
ps7_init
----------------End of Script----------------

14:59:24 INFO  : 'targets -set -filter {jtag_cable_name =~ "Digilent JTAG-HS1 210512180081" && level==0} -index 1' command is executed.
14:59:24 INFO  : 'fpga -state' command is executed.
14:59:24 INFO  : Connected to target on host '127.0.0.1' and port '3121'.
14:59:24 INFO  : Jtag cable 'Digilent JTAG-HS1 210512180081' is selected.
14:59:24 INFO  : 'jtag frequency' command is executed.
14:59:24 INFO  : Sourcing of 'E:/vivadoProj/vTestB/project_1/project_1.sdk/design_1_wrapper_hw_platform_0/ps7_init.tcl' is done.
14:59:24 INFO  : Context for 'APU' is selected.
14:59:24 INFO  : Hardware design information is loaded from 'E:/vivadoProj/vTestB/project_1/project_1.sdk/design_1_wrapper_hw_platform_0/system.hdf'.
14:59:24 INFO  : 'configparams force-mem-access 1' command is executed.
14:59:24 INFO  : Context for 'APU' is selected.
14:59:24 INFO  : 'stop' command is executed.
14:59:25 ERROR : Memory write error at 0xF8000008. Invalid DAP IDCODE. Invalid DAP ACK value: 0
14:59:25 INFO  : ----------------XSDB Script----------------
connect -url tcp:127.0.0.1:3121
source E:/vivadoProj/vTestB/project_1/project_1.sdk/design_1_wrapper_hw_platform_0/ps7_init.tcl
targets -set -nocase -filter {name =~"APU*" && jtag_cable_name =~ "Digilent JTAG-HS1 210512180081"} -index 0
loadhw -hw E:/vivadoProj/vTestB/project_1/project_1.sdk/design_1_wrapper_hw_platform_0/system.hdf -mem-ranges [list {0x40000000 0xbfffffff}]
configparams force-mem-access 1
targets -set -nocase -filter {name =~"APU*" && jtag_cable_name =~ "Digilent JTAG-HS1 210512180081"} -index 0
stop
ps7_init
----------------End of Script----------------

15:02:46 INFO  : 'targets -set -filter {jtag_cable_name =~ "Digilent JTAG-HS1 210512180081" && level==0} -index 1' command is executed.
15:02:46 INFO  : 'fpga -state' command is executed.
15:02:47 INFO  : Connected to target on host '127.0.0.1' and port '3121'.
15:02:47 INFO  : Jtag cable 'Digilent JTAG-HS1 210512180081' is selected.
15:02:47 INFO  : 'jtag frequency' command is executed.
15:02:47 INFO  : Sourcing of 'E:/vivadoProj/vTestB/project_1/project_1.sdk/design_1_wrapper_hw_platform_0/ps7_init.tcl' is done.
15:02:47 INFO  : Context for 'APU' is selected.
15:02:47 INFO  : Hardware design information is loaded from 'E:/vivadoProj/vTestB/project_1/project_1.sdk/design_1_wrapper_hw_platform_0/system.hdf'.
15:02:47 INFO  : 'configparams force-mem-access 1' command is executed.
15:02:47 INFO  : Context for 'APU' is selected.
15:02:47 INFO  : 'stop' command is executed.
15:02:47 INFO  : 'ps7_init' command is executed.
15:02:47 INFO  : 'ps7_post_config' command is executed.
15:02:47 INFO  : Context for processor 'ps7_cortexa9_0' is selected.
15:02:47 INFO  : Processor reset is completed for 'ps7_cortexa9_0'.
15:02:47 INFO  : Context for processor 'ps7_cortexa9_0' is selected.
15:02:47 INFO  : The application 'E:/vivadoProj/vTestB/project_1/project_1.sdk/aaaw/Debug/aaaw.elf' is downloaded to processor 'ps7_cortexa9_0'.
15:02:47 INFO  : 'configparams force-mem-access 0' command is executed.
15:02:47 INFO  : ----------------XSDB Script----------------
connect -url tcp:127.0.0.1:3121
source E:/vivadoProj/vTestB/project_1/project_1.sdk/design_1_wrapper_hw_platform_0/ps7_init.tcl
targets -set -nocase -filter {name =~"APU*" && jtag_cable_name =~ "Digilent JTAG-HS1 210512180081"} -index 0
loadhw -hw E:/vivadoProj/vTestB/project_1/project_1.sdk/design_1_wrapper_hw_platform_0/system.hdf -mem-ranges [list {0x40000000 0xbfffffff}]
configparams force-mem-access 1
targets -set -nocase -filter {name =~"APU*" && jtag_cable_name =~ "Digilent JTAG-HS1 210512180081"} -index 0
stop
ps7_init
ps7_post_config
targets -set -nocase -filter {name =~ "ARM*#0" && jtag_cable_name =~ "Digilent JTAG-HS1 210512180081"} -index 0
rst -processor
targets -set -nocase -filter {name =~ "ARM*#0" && jtag_cable_name =~ "Digilent JTAG-HS1 210512180081"} -index 0
dow E:/vivadoProj/vTestB/project_1/project_1.sdk/aaaw/Debug/aaaw.elf
configparams force-mem-access 0
----------------End of Script----------------

15:02:47 INFO  : Memory regions updated for context APU
15:02:48 INFO  : Context for processor 'ps7_cortexa9_0' is selected.
15:02:48 INFO  : 'con' command is executed.
15:02:48 INFO  : ----------------XSDB Script (After Launch)----------------
targets -set -nocase -filter {name =~ "ARM*#0" && jtag_cable_name =~ "Digilent JTAG-HS1 210512180081"} -index 0
con
----------------End of Script----------------

15:02:48 INFO  : Launch script is exported to file 'E:\vivadoProj\vTestB\project_1\project_1.sdk\.sdk\launch_scripts\xilinx_c-c++_application_(system_debugger)\system_debugger_using_debug_aaaw.elf_on_local.tcl'
15:06:16 INFO  : Disconnected from the channel tcfchan#9.
17:19:16 INFO  : Registering command handlers for SDK TCF services
17:19:17 INFO  : Launching XSCT server: xsct.bat -interactive E:\vivadoProj\vTestB\project_1\project_1.sdk\temp_xsdb_launch_script.tcl
17:19:20 INFO  : XSCT server has started successfully.
17:19:20 INFO  : Successfully done setting XSCT server connection channel  
17:19:21 INFO  : Successfully done setting SDK workspace  
17:19:21 INFO  : Processing command line option -hwspec E:/vivadoProj/vTestB/project_1/project_1.sdk/design_1_wrapper.hdf.
17:19:21 INFO  : Checking for hwspec changes in the project design_1_wrapper_hw_platform_0.
17:19:50 INFO  : 'targets -set -filter {jtag_cable_name =~ "Digilent JTAG-HS1 210512180081" && level==0} -index 1' command is executed.
17:19:50 INFO  : 'fpga -state' command is executed.
17:19:50 INFO  : Connected to target on host '127.0.0.1' and port '3121'.
17:19:50 INFO  : Jtag cable 'Digilent JTAG-HS1 210512180081' is selected.
17:19:50 INFO  : 'jtag frequency' command is executed.
17:19:50 INFO  : Sourcing of 'E:/vivadoProj/vTestB/project_1/project_1.sdk/design_1_wrapper_hw_platform_0/ps7_init.tcl' is done.
17:19:50 INFO  : Context for 'APU' is selected.
17:19:50 INFO  : Hardware design information is loaded from 'E:/vivadoProj/vTestB/project_1/project_1.sdk/design_1_wrapper_hw_platform_0/system.hdf'.
17:19:50 INFO  : 'configparams force-mem-access 1' command is executed.
17:19:50 INFO  : Context for 'APU' is selected.
17:19:51 INFO  : 'stop' command is executed.
17:19:53 INFO  : 'ps7_init' command is executed.
17:19:53 INFO  : 'ps7_post_config' command is executed.
17:19:53 INFO  : Context for processor 'ps7_cortexa9_0' is selected.
17:19:53 INFO  : Processor reset is completed for 'ps7_cortexa9_0'.
17:19:53 INFO  : Context for processor 'ps7_cortexa9_0' is selected.
17:19:53 ERROR : APB AP transaction error, DAP status f0000021
17:19:53 INFO  : ----------------XSDB Script----------------
connect -url tcp:127.0.0.1:3121
source E:/vivadoProj/vTestB/project_1/project_1.sdk/design_1_wrapper_hw_platform_0/ps7_init.tcl
targets -set -nocase -filter {name =~"APU*" && jtag_cable_name =~ "Digilent JTAG-HS1 210512180081"} -index 0
loadhw -hw E:/vivadoProj/vTestB/project_1/project_1.sdk/design_1_wrapper_hw_platform_0/system.hdf -mem-ranges [list {0x40000000 0xbfffffff}]
configparams force-mem-access 1
targets -set -nocase -filter {name =~"APU*" && jtag_cable_name =~ "Digilent JTAG-HS1 210512180081"} -index 0
stop
ps7_init
ps7_post_config
targets -set -nocase -filter {name =~ "ARM*#0" && jtag_cable_name =~ "Digilent JTAG-HS1 210512180081"} -index 0
rst -processor
targets -set -nocase -filter {name =~ "ARM*#0" && jtag_cable_name =~ "Digilent JTAG-HS1 210512180081"} -index 0
dow E:/vivadoProj/vTestB/project_1/project_1.sdk/aaaw/Debug/aaaw.elf
----------------End of Script----------------

17:20:28 INFO  : 'targets -set -filter {jtag_cable_name =~ "Digilent JTAG-HS1 210512180081" && level==0} -index 1' command is executed.
17:20:28 INFO  : 'fpga -state' command is executed.
17:20:34 INFO  : Memory regions updated for context APU
17:20:48 INFO  : 'targets -set -filter {jtag_cable_name =~ "Digilent JTAG-HS1 210512180081" && level==0} -index 1' command is executed.
17:20:48 INFO  : 'fpga -state' command is executed.
17:20:48 INFO  : Connected to target on host '127.0.0.1' and port '3121'.
17:20:48 INFO  : Jtag cable 'Digilent JTAG-HS1 210512180081' is selected.
17:20:48 INFO  : 'jtag frequency' command is executed.
17:20:48 INFO  : Sourcing of 'E:/vivadoProj/vTestB/project_1/project_1.sdk/design_1_wrapper_hw_platform_0/ps7_init.tcl' is done.
17:20:48 INFO  : Context for 'APU' is selected.
17:20:48 INFO  : Hardware design information is loaded from 'E:/vivadoProj/vTestB/project_1/project_1.sdk/design_1_wrapper_hw_platform_0/system.hdf'.
17:20:48 INFO  : 'configparams force-mem-access 1' command is executed.
17:20:48 INFO  : Context for 'APU' is selected.
17:20:48 INFO  : 'stop' command is executed.
17:20:48 INFO  : 'ps7_init' command is executed.
17:20:48 INFO  : 'ps7_post_config' command is executed.
17:20:48 INFO  : Context for processor 'ps7_cortexa9_0' is selected.
17:20:49 INFO  : Processor reset is completed for 'ps7_cortexa9_0'.
17:20:49 INFO  : Context for processor 'ps7_cortexa9_0' is selected.
17:20:49 INFO  : The application 'E:/vivadoProj/vTestB/project_1/project_1.sdk/aaaw/Debug/aaaw.elf' is downloaded to processor 'ps7_cortexa9_0'.
17:20:49 INFO  : 'configparams force-mem-access 0' command is executed.
17:20:49 INFO  : ----------------XSDB Script----------------
connect -url tcp:127.0.0.1:3121
source E:/vivadoProj/vTestB/project_1/project_1.sdk/design_1_wrapper_hw_platform_0/ps7_init.tcl
targets -set -nocase -filter {name =~"APU*" && jtag_cable_name =~ "Digilent JTAG-HS1 210512180081"} -index 0
loadhw -hw E:/vivadoProj/vTestB/project_1/project_1.sdk/design_1_wrapper_hw_platform_0/system.hdf -mem-ranges [list {0x40000000 0xbfffffff}]
configparams force-mem-access 1
targets -set -nocase -filter {name =~"APU*" && jtag_cable_name =~ "Digilent JTAG-HS1 210512180081"} -index 0
stop
ps7_init
ps7_post_config
targets -set -nocase -filter {name =~ "ARM*#0" && jtag_cable_name =~ "Digilent JTAG-HS1 210512180081"} -index 0
rst -processor
targets -set -nocase -filter {name =~ "ARM*#0" && jtag_cable_name =~ "Digilent JTAG-HS1 210512180081"} -index 0
dow E:/vivadoProj/vTestB/project_1/project_1.sdk/aaaw/Debug/aaaw.elf
configparams force-mem-access 0
----------------End of Script----------------

17:20:49 INFO  : Memory regions updated for context APU
17:20:49 INFO  : Context for processor 'ps7_cortexa9_0' is selected.
17:20:49 INFO  : 'con' command is executed.
17:20:49 INFO  : ----------------XSDB Script (After Launch)----------------
targets -set -nocase -filter {name =~ "ARM*#0" && jtag_cable_name =~ "Digilent JTAG-HS1 210512180081"} -index 0
con
----------------End of Script----------------

17:20:49 INFO  : Launch script is exported to file 'E:\vivadoProj\vTestB\project_1\project_1.sdk\.sdk\launch_scripts\xilinx_c-c++_application_(system_debugger)\system_debugger_using_debug_aaaw.elf_on_local.tcl'
17:20:57 INFO  : Disconnected from the channel tcfchan#1.
08:15:05 INFO  : Registering command handlers for SDK TCF services
08:15:06 INFO  : Launching XSCT server: xsct.bat -interactive E:\vivadoProj\vTestB\project_1\project_1.sdk\temp_xsdb_launch_script.tcl
08:15:08 INFO  : XSCT server has started successfully.
08:15:08 INFO  : Successfully done setting XSCT server connection channel  
08:15:09 INFO  : Successfully done setting SDK workspace  
08:15:09 INFO  : Processing command line option -hwspec E:/vivadoProj/vTestB/project_1/project_1.sdk/design_1_wrapper.hdf.
08:15:09 INFO  : Checking for hwspec changes in the project design_1_wrapper_hw_platform_0.
08:19:53 INFO  : Invoking Bootgen: bootgen -image aaaw.bif -arch zynq -o E:\vivadoProj\vTestB\project_1\project_1.sdk\aaaw\bootimage\BOOT.bin
08:19:53 INFO  : Creating new bif file E:\vivadoProj\vTestB\project_1\project_1.sdk\aaaw\bootimage\aaaw.bif
08:19:54 INFO  : Bootgen command execution is done.
08:24:33 INFO  : Connected to target on host '127.0.0.1' and port '3121'.
08:25:22 INFO  : 'targets -set -filter {jtag_cable_name =~ "Digilent JTAG-HS1 210512180081" && level==0} -index 1' command is executed.
08:25:22 INFO  : 'fpga -state' command is executed.
08:25:22 INFO  : Connected to target on host '127.0.0.1' and port '3121'.
08:25:23 INFO  : Jtag cable 'Digilent JTAG-HS1 210512180081' is selected.
08:25:23 INFO  : 'jtag frequency' command is executed.
08:25:23 INFO  : Sourcing of 'E:/vivadoProj/vTestB/project_1/project_1.sdk/design_1_wrapper_hw_platform_0/ps7_init.tcl' is done.
08:25:23 INFO  : Context for 'APU' is selected.
08:25:23 INFO  : Hardware design information is loaded from 'E:/vivadoProj/vTestB/project_1/project_1.sdk/design_1_wrapper_hw_platform_0/system.hdf'.
08:25:23 INFO  : 'configparams force-mem-access 1' command is executed.
08:25:23 INFO  : Context for 'APU' is selected.
08:25:23 INFO  : 'stop' command is executed.
08:25:23 INFO  : 'ps7_init' command is executed.
08:25:23 INFO  : 'ps7_post_config' command is executed.
08:25:23 INFO  : Context for processor 'ps7_cortexa9_0' is selected.
08:25:23 INFO  : Processor reset is completed for 'ps7_cortexa9_0'.
08:25:23 INFO  : Context for processor 'ps7_cortexa9_0' is selected.
08:25:23 INFO  : The application 'E:/vivadoProj/vTestB/project_1/project_1.sdk/aaaw/Debug/aaaw.elf' is downloaded to processor 'ps7_cortexa9_0'.
08:25:23 INFO  : 'configparams force-mem-access 0' command is executed.
08:25:23 INFO  : ----------------XSDB Script----------------
connect -url tcp:127.0.0.1:3121
source E:/vivadoProj/vTestB/project_1/project_1.sdk/design_1_wrapper_hw_platform_0/ps7_init.tcl
targets -set -nocase -filter {name =~"APU*" && jtag_cable_name =~ "Digilent JTAG-HS1 210512180081"} -index 0
loadhw -hw E:/vivadoProj/vTestB/project_1/project_1.sdk/design_1_wrapper_hw_platform_0/system.hdf -mem-ranges [list {0x40000000 0xbfffffff}]
configparams force-mem-access 1
targets -set -nocase -filter {name =~"APU*" && jtag_cable_name =~ "Digilent JTAG-HS1 210512180081"} -index 0
stop
ps7_init
ps7_post_config
targets -set -nocase -filter {name =~ "ARM*#0" && jtag_cable_name =~ "Digilent JTAG-HS1 210512180081"} -index 0
rst -processor
targets -set -nocase -filter {name =~ "ARM*#0" && jtag_cable_name =~ "Digilent JTAG-HS1 210512180081"} -index 0
dow E:/vivadoProj/vTestB/project_1/project_1.sdk/aaaw/Debug/aaaw.elf
configparams force-mem-access 0
----------------End of Script----------------

08:25:23 INFO  : Memory regions updated for context APU
08:25:23 INFO  : Context for processor 'ps7_cortexa9_0' is selected.
08:25:23 INFO  : 'con' command is executed.
08:25:23 INFO  : ----------------XSDB Script (After Launch)----------------
targets -set -nocase -filter {name =~ "ARM*#0" && jtag_cable_name =~ "Digilent JTAG-HS1 210512180081"} -index 0
con
----------------End of Script----------------

08:25:23 INFO  : Launch script is exported to file 'E:\vivadoProj\vTestB\project_1\project_1.sdk\.sdk\launch_scripts\xilinx_c-c++_application_(system_debugger)\system_debugger_using_debug_aaaw.elf_on_local.tcl'
08:25:38 INFO  : Disconnected from the channel tcfchan#1.
08:25:39 INFO  : 'targets -set -filter {jtag_cable_name =~ "Digilent JTAG-HS1 210512180081" && level==0} -index 1' command is executed.
08:25:39 INFO  : 'fpga -state' command is executed.
08:25:39 INFO  : Connected to target on host '127.0.0.1' and port '3121'.
08:25:39 INFO  : Jtag cable 'Digilent JTAG-HS1 210512180081' is selected.
08:25:39 INFO  : 'jtag frequency' command is executed.
08:25:39 INFO  : Sourcing of 'E:/vivadoProj/vTestB/project_1/project_1.sdk/design_1_wrapper_hw_platform_0/ps7_init.tcl' is done.
08:25:39 INFO  : Context for 'APU' is selected.
08:25:41 INFO  : Hardware design information is loaded from 'E:/vivadoProj/vTestB/project_1/project_1.sdk/design_1_wrapper_hw_platform_0/system.hdf'.
08:25:41 INFO  : 'configparams force-mem-access 1' command is executed.
08:25:41 INFO  : Context for 'APU' is selected.
08:25:41 INFO  : 'stop' command is executed.
08:25:41 INFO  : 'ps7_init' command is executed.
08:25:41 INFO  : 'ps7_post_config' command is executed.
08:25:41 INFO  : Context for processor 'ps7_cortexa9_0' is selected.
08:25:41 INFO  : Processor reset is completed for 'ps7_cortexa9_0'.
08:25:41 INFO  : Context for processor 'ps7_cortexa9_0' is selected.
08:25:41 INFO  : The application 'E:/vivadoProj/vTestB/project_1/project_1.sdk/fsbl/Debug/fsbl.elf' is downloaded to processor 'ps7_cortexa9_0'.
08:25:41 INFO  : 'configparams force-mem-access 0' command is executed.
08:25:41 INFO  : ----------------XSDB Script----------------
connect -url tcp:127.0.0.1:3121
source E:/vivadoProj/vTestB/project_1/project_1.sdk/design_1_wrapper_hw_platform_0/ps7_init.tcl
targets -set -nocase -filter {name =~"APU*" && jtag_cable_name =~ "Digilent JTAG-HS1 210512180081"} -index 0
loadhw -hw E:/vivadoProj/vTestB/project_1/project_1.sdk/design_1_wrapper_hw_platform_0/system.hdf -mem-ranges [list {0x40000000 0xbfffffff}]
configparams force-mem-access 1
targets -set -nocase -filter {name =~"APU*" && jtag_cable_name =~ "Digilent JTAG-HS1 210512180081"} -index 0
stop
ps7_init
ps7_post_config
targets -set -nocase -filter {name =~ "ARM*#0" && jtag_cable_name =~ "Digilent JTAG-HS1 210512180081"} -index 0
rst -processor
targets -set -nocase -filter {name =~ "ARM*#0" && jtag_cable_name =~ "Digilent JTAG-HS1 210512180081"} -index 0
dow E:/vivadoProj/vTestB/project_1/project_1.sdk/fsbl/Debug/fsbl.elf
configparams force-mem-access 0
----------------End of Script----------------

08:25:42 INFO  : Memory regions updated for context APU
08:25:42 INFO  : Context for processor 'ps7_cortexa9_0' is selected.
08:25:42 INFO  : 'con' command is executed.
08:25:42 INFO  : ----------------XSDB Script (After Launch)----------------
targets -set -nocase -filter {name =~ "ARM*#0" && jtag_cable_name =~ "Digilent JTAG-HS1 210512180081"} -index 0
con
----------------End of Script----------------

08:25:42 INFO  : Launch script is exported to file 'E:\vivadoProj\vTestB\project_1\project_1.sdk\.sdk\launch_scripts\xilinx_c-c++_application_(system_debugger)\system_debugger_using_debug_fsbl.elf_on_local.tcl'
08:44:15 INFO  : SDK has detected change in the last modified timestamps for source hardware specification file Source:1587343434749,  Project:1587276796806
08:44:15 INFO  : Project design_1_wrapper_hw_platform_0's source hardware specification located at E:/vivadoProj/vTestB/project_1/project_1.sdk/design_1_wrapper.hdf is now different from the local copy.
		 The local copy will be replaced with the source specification and your workspace will be updated.
08:44:24 INFO  : Copied contents of E:/vivadoProj/vTestB/project_1/project_1.sdk/design_1_wrapper.hdf into \design_1_wrapper_hw_platform_0\system.hdf.
08:44:33 INFO  : Synchronizing projects in the workspace with the hardware platform specification changes.
08:44:38 INFO  : 
08:44:40 INFO  : 
08:44:41 INFO  : Updating hardware inferred compiler options for aaaw.
08:44:42 INFO  : Updating hardware inferred compiler options for fsbl.
08:44:42 INFO  : Clearing existing target manager status.
08:46:59 INFO  : Invoking Bootgen: bootgen -image aaaw.bif -arch zynq -o E:\vivadoProj\vTestB\project_1\project_1.sdk\aaaw\bootimage\BOOT.bin -w on
08:47:00 INFO  : Bootgen command execution is done.
20:28:47 INFO  : Disconnected from the channel tcfchan#2.
06:58:37 INFO  : Launching XSCT server: xsct.bat -interactive E:\vivadoProj\vTestB\project_1\project_1.sdk\temp_xsdb_launch_script.tcl
06:58:39 INFO  : XSCT server has started successfully.
06:58:40 INFO  : Successfully done setting XSCT server connection channel  
06:58:40 INFO  : Successfully done setting SDK workspace  
06:58:44 INFO  : Registering command handlers for SDK TCF services
06:58:44 INFO  : Processing command line option -hwspec E:/vivadoProj/vTestB/project_1/project_1.sdk/design_1_wrapper.hdf.
06:58:45 INFO  : Checking for hwspec changes in the project design_1_wrapper_hw_platform_0.
08:18:59 INFO  : SDK has detected change in the last modified timestamps for source hardware specification file Source:1587514727966,  Project:1587343434749
08:18:59 INFO  : Project design_1_wrapper_hw_platform_0's source hardware specification located at E:/vivadoProj/vTestB/project_1/project_1.sdk/design_1_wrapper.hdf is now different from the local copy.
		 The local copy will be replaced with the source specification and your workspace will be updated.
08:19:03 INFO  : Copied contents of E:/vivadoProj/vTestB/project_1/project_1.sdk/design_1_wrapper.hdf into \design_1_wrapper_hw_platform_0\system.hdf.
08:19:11 INFO  : Synchronizing projects in the workspace with the hardware platform specification changes.
08:19:13 INFO  : 
08:19:15 INFO  : 
08:19:16 INFO  : Updating hardware inferred compiler options for aaaw.
08:19:17 INFO  : Updating hardware inferred compiler options for fsbl.
08:19:17 INFO  : Clearing existing target manager status.
08:19:24 INFO  : 'targets -set -filter {jtag_cable_name =~ "Digilent JTAG-HS1 210512180081" && level==0} -index 1' command is executed.
08:19:24 INFO  : 'fpga -state' command is executed.
08:19:24 INFO  : Connected to target on host '127.0.0.1' and port '3121'.
08:19:25 INFO  : Jtag cable 'Digilent JTAG-HS1 210512180081' is selected.
08:19:25 INFO  : 'jtag frequency' command is executed.
08:19:25 INFO  : Sourcing of 'E:/vivadoProj/vTestB/project_1/project_1.sdk/design_1_wrapper_hw_platform_0/ps7_init.tcl' is done.
08:19:25 INFO  : Context for 'APU' is selected.
08:19:25 INFO  : Hardware design information is loaded from 'E:/vivadoProj/vTestB/project_1/project_1.sdk/design_1_wrapper_hw_platform_0/system.hdf'.
08:19:25 INFO  : 'configparams force-mem-access 1' command is executed.
08:19:25 INFO  : Context for 'APU' is selected.
08:19:25 INFO  : 'stop' command is executed.
08:19:25 INFO  : 'ps7_init' command is executed.
08:19:25 INFO  : 'ps7_post_config' command is executed.
08:19:25 INFO  : Context for processor 'ps7_cortexa9_0' is selected.
08:19:25 INFO  : Processor reset is completed for 'ps7_cortexa9_0'.
08:19:25 INFO  : Context for processor 'ps7_cortexa9_0' is selected.
08:19:25 INFO  : The application 'E:/vivadoProj/vTestB/project_1/project_1.sdk/aaaw/Debug/aaaw.elf' is downloaded to processor 'ps7_cortexa9_0'.
08:19:25 INFO  : 'configparams force-mem-access 0' command is executed.
08:19:25 INFO  : ----------------XSDB Script----------------
connect -url tcp:127.0.0.1:3121
source E:/vivadoProj/vTestB/project_1/project_1.sdk/design_1_wrapper_hw_platform_0/ps7_init.tcl
targets -set -nocase -filter {name =~"APU*" && jtag_cable_name =~ "Digilent JTAG-HS1 210512180081"} -index 0
loadhw -hw E:/vivadoProj/vTestB/project_1/project_1.sdk/design_1_wrapper_hw_platform_0/system.hdf -mem-ranges [list {0x40000000 0xbfffffff}]
configparams force-mem-access 1
targets -set -nocase -filter {name =~"APU*" && jtag_cable_name =~ "Digilent JTAG-HS1 210512180081"} -index 0
stop
ps7_init
ps7_post_config
targets -set -nocase -filter {name =~ "ARM*#0" && jtag_cable_name =~ "Digilent JTAG-HS1 210512180081"} -index 0
rst -processor
targets -set -nocase -filter {name =~ "ARM*#0" && jtag_cable_name =~ "Digilent JTAG-HS1 210512180081"} -index 0
dow E:/vivadoProj/vTestB/project_1/project_1.sdk/aaaw/Debug/aaaw.elf
configparams force-mem-access 0
----------------End of Script----------------

08:19:25 INFO  : Memory regions updated for context APU
08:19:25 INFO  : Context for processor 'ps7_cortexa9_0' is selected.
08:19:25 INFO  : 'con' command is executed.
08:19:25 INFO  : ----------------XSDB Script (After Launch)----------------
targets -set -nocase -filter {name =~ "ARM*#0" && jtag_cable_name =~ "Digilent JTAG-HS1 210512180081"} -index 0
con
----------------End of Script----------------

08:19:25 INFO  : Launch script is exported to file 'E:\vivadoProj\vTestB\project_1\project_1.sdk\.sdk\launch_scripts\xilinx_c-c++_application_(system_debugger)\system_debugger_using_debug_aaaw.elf_on_local.tcl'
08:19:51 INFO  : Disconnected from the channel tcfchan#1.
08:19:52 INFO  : 'targets -set -filter {jtag_cable_name =~ "Digilent JTAG-HS1 210512180081" && level==0} -index 1' command is executed.
08:19:52 INFO  : 'fpga -state' command is executed.
08:19:52 INFO  : Connected to target on host '127.0.0.1' and port '3121'.
08:19:52 INFO  : Jtag cable 'Digilent JTAG-HS1 210512180081' is selected.
08:19:52 INFO  : 'jtag frequency' command is executed.
08:19:52 INFO  : Sourcing of 'E:/vivadoProj/vTestB/project_1/project_1.sdk/design_1_wrapper_hw_platform_0/ps7_init.tcl' is done.
08:19:52 INFO  : Context for 'APU' is selected.
08:19:54 INFO  : Hardware design information is loaded from 'E:/vivadoProj/vTestB/project_1/project_1.sdk/design_1_wrapper_hw_platform_0/system.hdf'.
08:19:54 INFO  : 'configparams force-mem-access 1' command is executed.
08:19:54 INFO  : Context for 'APU' is selected.
08:19:54 INFO  : 'stop' command is executed.
08:19:54 INFO  : 'ps7_init' command is executed.
08:19:54 INFO  : 'ps7_post_config' command is executed.
08:19:54 INFO  : Context for processor 'ps7_cortexa9_0' is selected.
08:19:54 INFO  : Processor reset is completed for 'ps7_cortexa9_0'.
08:19:54 INFO  : Context for processor 'ps7_cortexa9_0' is selected.
08:19:54 INFO  : The application 'E:/vivadoProj/vTestB/project_1/project_1.sdk/aaaw/Debug/aaaw.elf' is downloaded to processor 'ps7_cortexa9_0'.
08:19:54 INFO  : 'configparams force-mem-access 0' command is executed.
08:19:54 INFO  : ----------------XSDB Script----------------
connect -url tcp:127.0.0.1:3121
source E:/vivadoProj/vTestB/project_1/project_1.sdk/design_1_wrapper_hw_platform_0/ps7_init.tcl
targets -set -nocase -filter {name =~"APU*" && jtag_cable_name =~ "Digilent JTAG-HS1 210512180081"} -index 0
loadhw -hw E:/vivadoProj/vTestB/project_1/project_1.sdk/design_1_wrapper_hw_platform_0/system.hdf -mem-ranges [list {0x40000000 0xbfffffff}]
configparams force-mem-access 1
targets -set -nocase -filter {name =~"APU*" && jtag_cable_name =~ "Digilent JTAG-HS1 210512180081"} -index 0
stop
ps7_init
ps7_post_config
targets -set -nocase -filter {name =~ "ARM*#0" && jtag_cable_name =~ "Digilent JTAG-HS1 210512180081"} -index 0
rst -processor
targets -set -nocase -filter {name =~ "ARM*#0" && jtag_cable_name =~ "Digilent JTAG-HS1 210512180081"} -index 0
dow E:/vivadoProj/vTestB/project_1/project_1.sdk/aaaw/Debug/aaaw.elf
configparams force-mem-access 0
----------------End of Script----------------

08:19:54 INFO  : Memory regions updated for context APU
08:19:54 INFO  : Context for processor 'ps7_cortexa9_0' is selected.
08:19:54 INFO  : 'con' command is executed.
08:19:54 INFO  : ----------------XSDB Script (After Launch)----------------
targets -set -nocase -filter {name =~ "ARM*#0" && jtag_cable_name =~ "Digilent JTAG-HS1 210512180081"} -index 0
con
----------------End of Script----------------

08:19:54 INFO  : Launch script is exported to file 'E:\vivadoProj\vTestB\project_1\project_1.sdk\.sdk\launch_scripts\xilinx_c-c++_application_(system_debugger)\system_debugger_using_debug_aaaw.elf_on_local.tcl'
08:26:55 INFO  : SDK has detected change in the last modified timestamps for source hardware specification file Source:1587601225196,  Project:1587514727966
08:26:55 INFO  : Project design_1_wrapper_hw_platform_0's source hardware specification located at E:/vivadoProj/vTestB/project_1/project_1.sdk/design_1_wrapper.hdf is now different from the local copy.
		 The local copy will be replaced with the source specification and your workspace will be updated.
08:27:02 INFO  : Copied contents of E:/vivadoProj/vTestB/project_1/project_1.sdk/design_1_wrapper.hdf into \design_1_wrapper_hw_platform_0\system.hdf.
08:27:09 INFO  : Synchronizing projects in the workspace with the hardware platform specification changes.
08:27:13 INFO  : 
08:27:15 INFO  : 
08:27:16 INFO  : Updating hardware inferred compiler options for aaaw.
08:27:17 INFO  : Updating hardware inferred compiler options for fsbl.
08:27:17 INFO  : Clearing existing target manager status.
08:29:18 INFO  : Disconnected from the channel tcfchan#2.
08:29:20 INFO  : 'targets -set -filter {jtag_cable_name =~ "Digilent JTAG-HS1 210512180081" && level==0} -index 1' command is executed.
08:29:20 INFO  : 'fpga -state' command is executed.
08:29:20 INFO  : Connected to target on host '127.0.0.1' and port '3121'.
08:29:20 INFO  : Jtag cable 'Digilent JTAG-HS1 210512180081' is selected.
08:29:20 INFO  : 'jtag frequency' command is executed.
08:29:20 INFO  : Sourcing of 'E:/vivadoProj/vTestB/project_1/project_1.sdk/design_1_wrapper_hw_platform_0/ps7_init.tcl' is done.
08:29:20 INFO  : Context for 'APU' is selected.
08:29:20 INFO  : Hardware design information is loaded from 'E:/vivadoProj/vTestB/project_1/project_1.sdk/design_1_wrapper_hw_platform_0/system.hdf'.
08:29:20 INFO  : 'configparams force-mem-access 1' command is executed.
08:29:20 INFO  : Context for 'APU' is selected.
08:29:20 INFO  : 'stop' command is executed.
08:29:20 ERROR : Memory read error at 0xF8007080. AHB AP transaction error, DAP status f0000021
08:29:20 INFO  : ----------------XSDB Script----------------
connect -url tcp:127.0.0.1:3121
source E:/vivadoProj/vTestB/project_1/project_1.sdk/design_1_wrapper_hw_platform_0/ps7_init.tcl
targets -set -nocase -filter {name =~"APU*" && jtag_cable_name =~ "Digilent JTAG-HS1 210512180081"} -index 0
loadhw -hw E:/vivadoProj/vTestB/project_1/project_1.sdk/design_1_wrapper_hw_platform_0/system.hdf -mem-ranges [list {0x40000000 0xbfffffff}]
configparams force-mem-access 1
targets -set -nocase -filter {name =~"APU*" && jtag_cable_name =~ "Digilent JTAG-HS1 210512180081"} -index 0
stop
ps7_init
----------------End of Script----------------

08:29:33 INFO  : 'targets -set -filter {jtag_cable_name =~ "Digilent JTAG-HS1 210512180081" && level==0} -index 1' command is executed.
08:29:33 INFO  : 'fpga -state' command is executed.
08:29:33 INFO  : Connected to target on host '127.0.0.1' and port '3121'.
08:29:33 INFO  : Jtag cable 'Digilent JTAG-HS1 210512180081' is selected.
08:29:33 INFO  : 'jtag frequency' command is executed.
08:29:33 INFO  : Sourcing of 'E:/vivadoProj/vTestB/project_1/project_1.sdk/design_1_wrapper_hw_platform_0/ps7_init.tcl' is done.
08:29:33 INFO  : Context for 'APU' is selected.
08:29:33 INFO  : Hardware design information is loaded from 'E:/vivadoProj/vTestB/project_1/project_1.sdk/design_1_wrapper_hw_platform_0/system.hdf'.
08:29:33 INFO  : 'configparams force-mem-access 1' command is executed.
08:29:33 INFO  : Context for 'APU' is selected.
08:29:33 INFO  : 'stop' command is executed.
08:29:33 ERROR : AP transaction error, DAP status f0000021
08:29:33 INFO  : ----------------XSDB Script----------------
connect -url tcp:127.0.0.1:3121
source E:/vivadoProj/vTestB/project_1/project_1.sdk/design_1_wrapper_hw_platform_0/ps7_init.tcl
targets -set -nocase -filter {name =~"APU*" && jtag_cable_name =~ "Digilent JTAG-HS1 210512180081"} -index 0
loadhw -hw E:/vivadoProj/vTestB/project_1/project_1.sdk/design_1_wrapper_hw_platform_0/system.hdf -mem-ranges [list {0x40000000 0xbfffffff}]
configparams force-mem-access 1
targets -set -nocase -filter {name =~"APU*" && jtag_cable_name =~ "Digilent JTAG-HS1 210512180081"} -index 0
stop
ps7_init
----------------End of Script----------------

08:30:05 INFO  : 'targets -set -filter {jtag_cable_name =~ "Digilent JTAG-HS1 210512180081" && level==0} -index 1' command is executed.
08:30:05 INFO  : 'fpga -state' command is executed.
08:30:05 INFO  : Connected to target on host '127.0.0.1' and port '3121'.
08:30:05 INFO  : Jtag cable 'Digilent JTAG-HS1 210512180081' is selected.
08:30:05 INFO  : 'jtag frequency' command is executed.
08:30:05 INFO  : Sourcing of 'E:/vivadoProj/vTestB/project_1/project_1.sdk/design_1_wrapper_hw_platform_0/ps7_init.tcl' is done.
08:30:05 INFO  : Context for 'APU' is selected.
08:30:05 INFO  : Hardware design information is loaded from 'E:/vivadoProj/vTestB/project_1/project_1.sdk/design_1_wrapper_hw_platform_0/system.hdf'.
08:30:05 INFO  : 'configparams force-mem-access 1' command is executed.
08:30:05 INFO  : Context for 'APU' is selected.
08:30:05 INFO  : 'stop' command is executed.
08:30:05 INFO  : 'ps7_init' command is executed.
08:30:05 INFO  : 'ps7_post_config' command is executed.
08:30:06 INFO  : Context for processor 'ps7_cortexa9_0' is selected.
08:30:06 INFO  : Processor reset is completed for 'ps7_cortexa9_0'.
08:30:06 INFO  : Context for processor 'ps7_cortexa9_0' is selected.
08:30:06 INFO  : The application 'E:/vivadoProj/vTestB/project_1/project_1.sdk/fsbl/Debug/fsbl.elf' is downloaded to processor 'ps7_cortexa9_0'.
08:30:06 INFO  : 'configparams force-mem-access 0' command is executed.
08:30:06 INFO  : ----------------XSDB Script----------------
connect -url tcp:127.0.0.1:3121
source E:/vivadoProj/vTestB/project_1/project_1.sdk/design_1_wrapper_hw_platform_0/ps7_init.tcl
targets -set -nocase -filter {name =~"APU*" && jtag_cable_name =~ "Digilent JTAG-HS1 210512180081"} -index 0
loadhw -hw E:/vivadoProj/vTestB/project_1/project_1.sdk/design_1_wrapper_hw_platform_0/system.hdf -mem-ranges [list {0x40000000 0xbfffffff}]
configparams force-mem-access 1
targets -set -nocase -filter {name =~"APU*" && jtag_cable_name =~ "Digilent JTAG-HS1 210512180081"} -index 0
stop
ps7_init
ps7_post_config
targets -set -nocase -filter {name =~ "ARM*#0" && jtag_cable_name =~ "Digilent JTAG-HS1 210512180081"} -index 0
rst -processor
targets -set -nocase -filter {name =~ "ARM*#0" && jtag_cable_name =~ "Digilent JTAG-HS1 210512180081"} -index 0
dow E:/vivadoProj/vTestB/project_1/project_1.sdk/fsbl/Debug/fsbl.elf
configparams force-mem-access 0
----------------End of Script----------------

08:30:06 INFO  : Memory regions updated for context APU
08:30:06 INFO  : Context for processor 'ps7_cortexa9_0' is selected.
08:30:06 INFO  : 'con' command is executed.
08:30:06 INFO  : ----------------XSDB Script (After Launch)----------------
targets -set -nocase -filter {name =~ "ARM*#0" && jtag_cable_name =~ "Digilent JTAG-HS1 210512180081"} -index 0
con
----------------End of Script----------------

08:30:06 INFO  : Launch script is exported to file 'E:\vivadoProj\vTestB\project_1\project_1.sdk\.sdk\launch_scripts\xilinx_c-c++_application_(system_debugger)\system_debugger_using_debug_fsbl.elf_on_local.tcl'
08:30:16 INFO  : Disconnected from the channel tcfchan#3.
08:30:17 INFO  : 'targets -set -filter {jtag_cable_name =~ "Digilent JTAG-HS1 210512180081" && level==0} -index 1' command is executed.
08:30:17 INFO  : 'fpga -state' command is executed.
08:30:17 INFO  : Connected to target on host '127.0.0.1' and port '3121'.
08:30:17 INFO  : Jtag cable 'Digilent JTAG-HS1 210512180081' is selected.
08:30:17 INFO  : 'jtag frequency' command is executed.
08:30:17 INFO  : Sourcing of 'E:/vivadoProj/vTestB/project_1/project_1.sdk/design_1_wrapper_hw_platform_0/ps7_init.tcl' is done.
08:30:17 INFO  : Context for 'APU' is selected.
08:30:17 INFO  : Hardware design information is loaded from 'E:/vivadoProj/vTestB/project_1/project_1.sdk/design_1_wrapper_hw_platform_0/system.hdf'.
08:30:17 INFO  : 'configparams force-mem-access 1' command is executed.
08:30:17 INFO  : Context for 'APU' is selected.
08:30:17 INFO  : 'stop' command is executed.
08:30:17 INFO  : 'ps7_init' command is executed.
08:30:17 INFO  : 'ps7_post_config' command is executed.
08:30:17 INFO  : Context for processor 'ps7_cortexa9_0' is selected.
08:30:18 INFO  : Processor reset is completed for 'ps7_cortexa9_0'.
08:30:18 INFO  : Context for processor 'ps7_cortexa9_0' is selected.
08:30:18 INFO  : The application 'E:/vivadoProj/vTestB/project_1/project_1.sdk/aaaw/Debug/aaaw.elf' is downloaded to processor 'ps7_cortexa9_0'.
08:30:18 INFO  : 'configparams force-mem-access 0' command is executed.
08:30:18 INFO  : ----------------XSDB Script----------------
connect -url tcp:127.0.0.1:3121
source E:/vivadoProj/vTestB/project_1/project_1.sdk/design_1_wrapper_hw_platform_0/ps7_init.tcl
targets -set -nocase -filter {name =~"APU*" && jtag_cable_name =~ "Digilent JTAG-HS1 210512180081"} -index 0
loadhw -hw E:/vivadoProj/vTestB/project_1/project_1.sdk/design_1_wrapper_hw_platform_0/system.hdf -mem-ranges [list {0x40000000 0xbfffffff}]
configparams force-mem-access 1
targets -set -nocase -filter {name =~"APU*" && jtag_cable_name =~ "Digilent JTAG-HS1 210512180081"} -index 0
stop
ps7_init
ps7_post_config
targets -set -nocase -filter {name =~ "ARM*#0" && jtag_cable_name =~ "Digilent JTAG-HS1 210512180081"} -index 0
rst -processor
targets -set -nocase -filter {name =~ "ARM*#0" && jtag_cable_name =~ "Digilent JTAG-HS1 210512180081"} -index 0
dow E:/vivadoProj/vTestB/project_1/project_1.sdk/aaaw/Debug/aaaw.elf
configparams force-mem-access 0
----------------End of Script----------------

08:30:18 INFO  : Memory regions updated for context APU
08:30:18 INFO  : Context for processor 'ps7_cortexa9_0' is selected.
08:30:18 INFO  : 'con' command is executed.
08:30:18 INFO  : ----------------XSDB Script (After Launch)----------------
targets -set -nocase -filter {name =~ "ARM*#0" && jtag_cable_name =~ "Digilent JTAG-HS1 210512180081"} -index 0
con
----------------End of Script----------------

08:30:18 INFO  : Launch script is exported to file 'E:\vivadoProj\vTestB\project_1\project_1.sdk\.sdk\launch_scripts\xilinx_c-c++_application_(system_debugger)\system_debugger_using_debug_aaaw.elf_on_local.tcl'
08:31:56 INFO  : Disconnected from the channel tcfchan#4.
08:31:57 INFO  : 'targets -set -filter {jtag_cable_name =~ "Digilent JTAG-HS1 210512180081" && level==0} -index 1' command is executed.
08:31:57 INFO  : 'fpga -state' command is executed.
08:31:57 INFO  : Connected to target on host '127.0.0.1' and port '3121'.
08:31:58 INFO  : Jtag cable 'Digilent JTAG-HS1 210512180081' is selected.
08:31:58 INFO  : 'jtag frequency' command is executed.
08:31:58 INFO  : Sourcing of 'E:/vivadoProj/vTestB/project_1/project_1.sdk/design_1_wrapper_hw_platform_0/ps7_init.tcl' is done.
08:31:58 INFO  : Context for 'APU' is selected.
08:31:58 INFO  : Hardware design information is loaded from 'E:/vivadoProj/vTestB/project_1/project_1.sdk/design_1_wrapper_hw_platform_0/system.hdf'.
08:31:58 INFO  : 'configparams force-mem-access 1' command is executed.
08:31:58 INFO  : Context for 'APU' is selected.
08:31:58 INFO  : 'stop' command is executed.
08:31:58 INFO  : 'ps7_init' command is executed.
08:31:58 INFO  : 'ps7_post_config' command is executed.
08:31:58 INFO  : Context for processor 'ps7_cortexa9_0' is selected.
08:31:58 INFO  : Processor reset is completed for 'ps7_cortexa9_0'.
08:31:58 INFO  : Context for processor 'ps7_cortexa9_0' is selected.
08:31:58 INFO  : The application 'E:/vivadoProj/vTestB/project_1/project_1.sdk/fsbl/Debug/fsbl.elf' is downloaded to processor 'ps7_cortexa9_0'.
08:31:58 INFO  : 'configparams force-mem-access 0' command is executed.
08:31:58 INFO  : ----------------XSDB Script----------------
connect -url tcp:127.0.0.1:3121
source E:/vivadoProj/vTestB/project_1/project_1.sdk/design_1_wrapper_hw_platform_0/ps7_init.tcl
targets -set -nocase -filter {name =~"APU*" && jtag_cable_name =~ "Digilent JTAG-HS1 210512180081"} -index 0
loadhw -hw E:/vivadoProj/vTestB/project_1/project_1.sdk/design_1_wrapper_hw_platform_0/system.hdf -mem-ranges [list {0x40000000 0xbfffffff}]
configparams force-mem-access 1
targets -set -nocase -filter {name =~"APU*" && jtag_cable_name =~ "Digilent JTAG-HS1 210512180081"} -index 0
stop
ps7_init
ps7_post_config
targets -set -nocase -filter {name =~ "ARM*#0" && jtag_cable_name =~ "Digilent JTAG-HS1 210512180081"} -index 0
rst -processor
targets -set -nocase -filter {name =~ "ARM*#0" && jtag_cable_name =~ "Digilent JTAG-HS1 210512180081"} -index 0
dow E:/vivadoProj/vTestB/project_1/project_1.sdk/fsbl/Debug/fsbl.elf
configparams force-mem-access 0
----------------End of Script----------------

08:31:58 INFO  : Memory regions updated for context APU
08:31:58 INFO  : Context for processor 'ps7_cortexa9_0' is selected.
08:31:58 INFO  : 'con' command is executed.
08:31:58 INFO  : ----------------XSDB Script (After Launch)----------------
targets -set -nocase -filter {name =~ "ARM*#0" && jtag_cable_name =~ "Digilent JTAG-HS1 210512180081"} -index 0
con
----------------End of Script----------------

08:31:58 INFO  : Launch script is exported to file 'E:\vivadoProj\vTestB\project_1\project_1.sdk\.sdk\launch_scripts\xilinx_c-c++_application_(system_debugger)\system_debugger_using_debug_fsbl.elf_on_local.tcl'
08:32:28 INFO  : Disconnected from the channel tcfchan#5.
08:32:29 INFO  : 'targets -set -filter {jtag_cable_name =~ "Digilent JTAG-HS1 210512180081" && level==0} -index 1' command is executed.
08:32:29 INFO  : 'fpga -state' command is executed.
08:32:29 INFO  : Connected to target on host '127.0.0.1' and port '3121'.
08:32:30 INFO  : Jtag cable 'Digilent JTAG-HS1 210512180081' is selected.
08:32:30 INFO  : 'jtag frequency' command is executed.
08:32:30 INFO  : Sourcing of 'E:/vivadoProj/vTestB/project_1/project_1.sdk/design_1_wrapper_hw_platform_0/ps7_init.tcl' is done.
08:32:30 INFO  : Context for 'APU' is selected.
08:32:30 INFO  : Hardware design information is loaded from 'E:/vivadoProj/vTestB/project_1/project_1.sdk/design_1_wrapper_hw_platform_0/system.hdf'.
08:32:30 INFO  : 'configparams force-mem-access 1' command is executed.
08:32:30 INFO  : Context for 'APU' is selected.
08:32:30 INFO  : 'stop' command is executed.
08:32:30 INFO  : 'ps7_init' command is executed.
08:32:30 INFO  : 'ps7_post_config' command is executed.
08:32:30 INFO  : Context for processor 'ps7_cortexa9_0' is selected.
08:32:30 INFO  : Processor reset is completed for 'ps7_cortexa9_0'.
08:32:30 INFO  : Context for processor 'ps7_cortexa9_0' is selected.
08:32:30 INFO  : The application 'E:/vivadoProj/vTestB/project_1/project_1.sdk/fsbl/Debug/fsbl.elf' is downloaded to processor 'ps7_cortexa9_0'.
08:32:30 INFO  : 'configparams force-mem-access 0' command is executed.
08:32:30 INFO  : ----------------XSDB Script----------------
connect -url tcp:127.0.0.1:3121
source E:/vivadoProj/vTestB/project_1/project_1.sdk/design_1_wrapper_hw_platform_0/ps7_init.tcl
targets -set -nocase -filter {name =~"APU*" && jtag_cable_name =~ "Digilent JTAG-HS1 210512180081"} -index 0
loadhw -hw E:/vivadoProj/vTestB/project_1/project_1.sdk/design_1_wrapper_hw_platform_0/system.hdf -mem-ranges [list {0x40000000 0xbfffffff}]
configparams force-mem-access 1
targets -set -nocase -filter {name =~"APU*" && jtag_cable_name =~ "Digilent JTAG-HS1 210512180081"} -index 0
stop
ps7_init
ps7_post_config
targets -set -nocase -filter {name =~ "ARM*#0" && jtag_cable_name =~ "Digilent JTAG-HS1 210512180081"} -index 0
rst -processor
targets -set -nocase -filter {name =~ "ARM*#0" && jtag_cable_name =~ "Digilent JTAG-HS1 210512180081"} -index 0
dow E:/vivadoProj/vTestB/project_1/project_1.sdk/fsbl/Debug/fsbl.elf
configparams force-mem-access 0
----------------End of Script----------------

08:32:30 INFO  : Memory regions updated for context APU
08:32:30 INFO  : Context for processor 'ps7_cortexa9_0' is selected.
08:32:30 INFO  : 'con' command is executed.
08:32:30 INFO  : ----------------XSDB Script (After Launch)----------------
targets -set -nocase -filter {name =~ "ARM*#0" && jtag_cable_name =~ "Digilent JTAG-HS1 210512180081"} -index 0
con
----------------End of Script----------------

08:32:30 INFO  : Launch script is exported to file 'E:\vivadoProj\vTestB\project_1\project_1.sdk\.sdk\launch_scripts\xilinx_c-c++_application_(system_debugger)\system_debugger_using_debug_fsbl.elf_on_local.tcl'
08:32:41 INFO  : Disconnected from the channel tcfchan#6.
08:32:42 INFO  : 'targets -set -filter {jtag_cable_name =~ "Digilent JTAG-HS1 210512180081" && level==0} -index 1' command is executed.
08:32:42 INFO  : 'fpga -state' command is executed.
08:32:42 INFO  : Connected to target on host '127.0.0.1' and port '3121'.
08:32:42 INFO  : Jtag cable 'Digilent JTAG-HS1 210512180081' is selected.
08:32:42 INFO  : 'jtag frequency' command is executed.
08:32:42 INFO  : Sourcing of 'E:/vivadoProj/vTestB/project_1/project_1.sdk/design_1_wrapper_hw_platform_0/ps7_init.tcl' is done.
08:32:42 INFO  : Context for 'APU' is selected.
08:32:42 INFO  : Hardware design information is loaded from 'E:/vivadoProj/vTestB/project_1/project_1.sdk/design_1_wrapper_hw_platform_0/system.hdf'.
08:32:42 INFO  : 'configparams force-mem-access 1' command is executed.
08:32:42 INFO  : Context for 'APU' is selected.
08:32:42 INFO  : 'stop' command is executed.
08:32:43 INFO  : 'ps7_init' command is executed.
08:32:43 INFO  : 'ps7_post_config' command is executed.
08:32:43 INFO  : Context for processor 'ps7_cortexa9_0' is selected.
08:32:43 INFO  : Processor reset is completed for 'ps7_cortexa9_0'.
08:32:43 INFO  : Context for processor 'ps7_cortexa9_0' is selected.
08:32:43 INFO  : The application 'E:/vivadoProj/vTestB/project_1/project_1.sdk/aaaw/Debug/aaaw.elf' is downloaded to processor 'ps7_cortexa9_0'.
08:32:43 INFO  : 'configparams force-mem-access 0' command is executed.
08:32:43 INFO  : ----------------XSDB Script----------------
connect -url tcp:127.0.0.1:3121
source E:/vivadoProj/vTestB/project_1/project_1.sdk/design_1_wrapper_hw_platform_0/ps7_init.tcl
targets -set -nocase -filter {name =~"APU*" && jtag_cable_name =~ "Digilent JTAG-HS1 210512180081"} -index 0
loadhw -hw E:/vivadoProj/vTestB/project_1/project_1.sdk/design_1_wrapper_hw_platform_0/system.hdf -mem-ranges [list {0x40000000 0xbfffffff}]
configparams force-mem-access 1
targets -set -nocase -filter {name =~"APU*" && jtag_cable_name =~ "Digilent JTAG-HS1 210512180081"} -index 0
stop
ps7_init
ps7_post_config
targets -set -nocase -filter {name =~ "ARM*#0" && jtag_cable_name =~ "Digilent JTAG-HS1 210512180081"} -index 0
rst -processor
targets -set -nocase -filter {name =~ "ARM*#0" && jtag_cable_name =~ "Digilent JTAG-HS1 210512180081"} -index 0
dow E:/vivadoProj/vTestB/project_1/project_1.sdk/aaaw/Debug/aaaw.elf
configparams force-mem-access 0
----------------End of Script----------------

08:32:43 INFO  : Memory regions updated for context APU
08:32:43 INFO  : Context for processor 'ps7_cortexa9_0' is selected.
08:32:43 INFO  : 'con' command is executed.
08:32:43 INFO  : ----------------XSDB Script (After Launch)----------------
targets -set -nocase -filter {name =~ "ARM*#0" && jtag_cable_name =~ "Digilent JTAG-HS1 210512180081"} -index 0
con
----------------End of Script----------------

08:32:43 INFO  : Launch script is exported to file 'E:\vivadoProj\vTestB\project_1\project_1.sdk\.sdk\launch_scripts\xilinx_c-c++_application_(system_debugger)\system_debugger_using_debug_aaaw.elf_on_local.tcl'
08:33:58 INFO  : Disconnected from the channel tcfchan#7.
08:33:59 INFO  : 'targets -set -filter {jtag_cable_name =~ "Digilent JTAG-HS1 210512180081" && level==0} -index 1' command is executed.
08:33:59 INFO  : 'fpga -state' command is executed.
08:33:59 INFO  : Connected to target on host '127.0.0.1' and port '3121'.
08:34:00 INFO  : Jtag cable 'Digilent JTAG-HS1 210512180081' is selected.
08:34:00 INFO  : 'jtag frequency' command is executed.
08:34:00 INFO  : Sourcing of 'E:/vivadoProj/vTestB/project_1/project_1.sdk/design_1_wrapper_hw_platform_0/ps7_init.tcl' is done.
08:34:00 INFO  : Context for 'APU' is selected.
08:34:00 INFO  : Hardware design information is loaded from 'E:/vivadoProj/vTestB/project_1/project_1.sdk/design_1_wrapper_hw_platform_0/system.hdf'.
08:34:00 INFO  : 'configparams force-mem-access 1' command is executed.
08:34:00 INFO  : Context for 'APU' is selected.
08:34:00 INFO  : 'stop' command is executed.
08:34:00 INFO  : 'ps7_init' command is executed.
08:34:00 INFO  : 'ps7_post_config' command is executed.
08:34:00 INFO  : Context for processor 'ps7_cortexa9_0' is selected.
08:34:00 INFO  : Processor reset is completed for 'ps7_cortexa9_0'.
08:34:00 INFO  : Context for processor 'ps7_cortexa9_0' is selected.
08:34:00 INFO  : The application 'E:/vivadoProj/vTestB/project_1/project_1.sdk/aaaw/Debug/aaaw.elf' is downloaded to processor 'ps7_cortexa9_0'.
08:34:00 INFO  : 'configparams force-mem-access 0' command is executed.
08:34:00 INFO  : ----------------XSDB Script----------------
connect -url tcp:127.0.0.1:3121
source E:/vivadoProj/vTestB/project_1/project_1.sdk/design_1_wrapper_hw_platform_0/ps7_init.tcl
targets -set -nocase -filter {name =~"APU*" && jtag_cable_name =~ "Digilent JTAG-HS1 210512180081"} -index 0
loadhw -hw E:/vivadoProj/vTestB/project_1/project_1.sdk/design_1_wrapper_hw_platform_0/system.hdf -mem-ranges [list {0x40000000 0xbfffffff}]
configparams force-mem-access 1
targets -set -nocase -filter {name =~"APU*" && jtag_cable_name =~ "Digilent JTAG-HS1 210512180081"} -index 0
stop
ps7_init
ps7_post_config
targets -set -nocase -filter {name =~ "ARM*#0" && jtag_cable_name =~ "Digilent JTAG-HS1 210512180081"} -index 0
rst -processor
targets -set -nocase -filter {name =~ "ARM*#0" && jtag_cable_name =~ "Digilent JTAG-HS1 210512180081"} -index 0
dow E:/vivadoProj/vTestB/project_1/project_1.sdk/aaaw/Debug/aaaw.elf
configparams force-mem-access 0
----------------End of Script----------------

08:34:00 INFO  : Memory regions updated for context APU
08:34:00 INFO  : Context for processor 'ps7_cortexa9_0' is selected.
08:34:00 INFO  : 'con' command is executed.
08:34:00 INFO  : ----------------XSDB Script (After Launch)----------------
targets -set -nocase -filter {name =~ "ARM*#0" && jtag_cable_name =~ "Digilent JTAG-HS1 210512180081"} -index 0
con
----------------End of Script----------------

08:34:00 INFO  : Launch script is exported to file 'E:\vivadoProj\vTestB\project_1\project_1.sdk\.sdk\launch_scripts\xilinx_c-c++_application_(system_debugger)\system_debugger_using_debug_aaaw.elf_on_local.tcl'
08:35:31 INFO  : Disconnected from the channel tcfchan#8.
